  IOCP.cpp
c:\users\sin woo-chel\source\repos\sin_library\sin_library\iocp.cpp(291): error C2065: 'PER_IO_OVERLAPPED': 선언되지 않은 식별자입니다.
c:\users\sin woo-chel\source\repos\sin_library\sin_library\iocp.cpp(291): error C2065: 'pOverlapped': 선언되지 않은 식별자입니다.
c:\users\sin woo-chel\source\repos\sin_library\sin_library\iocp.cpp(297): error C2065: 'pOverlapped': 선언되지 않은 식별자입니다.
c:\users\sin woo-chel\source\repos\sin_library\sin_library\iocp.cpp(307): error C2065: 'pOverlapped': 선언되지 않은 식별자입니다.
c:\users\sin woo-chel\source\repos\sin_library\sin_library\iocp.cpp(311): error C2065: 'pOverlapped': 선언되지 않은 식별자입니다.
c:\users\sin woo-chel\source\repos\sin_library\sin_library\iocp.cpp(313): error C2664: 'void UserContainer::DisConnect(SOCKET_CONTEXT *)': 인수 1을(를) 'SUser *'에서 'SOCKET_CONTEXT *'(으)로 변환할 수 없습니다.
  c:\users\sin woo-chel\source\repos\sin_library\sin_library\iocp.cpp(313): note: 가리킨 형식이 관련이 없습니다. 변환하려면 reinterpret_cast, C 스타일 캐스트 또는 함수 스타일 캐스트가 필요합니다.
c:\users\sin woo-chel\source\repos\sin_library\sin_library\iocp.cpp(320): error C2440: '형식 캐스팅': 'SUser'에서 'SOCKET'(으)로 변환할 수 없습니다.
  c:\users\sin woo-chel\source\repos\sin_library\sin_library\iocp.cpp(320): note: 이 변환을 수행할 수 있는 사용 가능한 사용자 정의 변환 연산자가 없거나 연산자를 호출할 수 없습니다.
c:\users\sin woo-chel\source\repos\sin_library\sin_library\iocp.cpp(325): error C2664: 'void UserContainer::DisConnect(SOCKET_CONTEXT *)': 인수 1을(를) 'SUser *'에서 'SOCKET_CONTEXT *'(으)로 변환할 수 없습니다.
  c:\users\sin woo-chel\source\repos\sin_library\sin_library\iocp.cpp(325): note: 가리킨 형식이 관련이 없습니다. 변환하려면 reinterpret_cast, C 스타일 캐스트 또는 함수 스타일 캐스트가 필요합니다.
c:\users\sin woo-chel\source\repos\sin_library\sin_library\iocp.cpp(329): error C2065: 'pOverlapped': 선언되지 않은 식별자입니다.
c:\users\sin woo-chel\source\repos\sin_library\sin_library\iocp.cpp(329): error C2227: '->io_type' 왼쪽은 클래스/구조체/공용 구조체/제네릭 형식을 가리켜야 합니다.
  c:\users\sin woo-chel\source\repos\sin_library\sin_library\iocp.cpp(329): note: 'unknown-type' 형식입니다.
c:\users\sin woo-chel\source\repos\sin_library\sin_library\iocp.cpp(332): error C2039: 'RecvGamePacket': 'SUser'의 멤버가 아닙니다.
  c:\users\sin woo-chel\source\repos\sin_library\sin_library\ssocket.h(243): note: 'SUser' 선언을 참조하십시오.
c:\users\sin woo-chel\source\repos\sin_library\sin_library\iocp.cpp(334): error C2065: 'pOverlapped': 선언되지 않은 식별자입니다.
c:\users\sin woo-chel\source\repos\sin_library\sin_library\iocp.cpp(334): error C2227: '->io_type' 왼쪽은 클래스/구조체/공용 구조체/제네릭 형식을 가리켜야 합니다.
  c:\users\sin woo-chel\source\repos\sin_library\sin_library\iocp.cpp(334): note: 'unknown-type' 형식입니다.
c:\users\sin woo-chel\source\repos\sin_library\sin_library\iocp.cpp(334): error C2059: 구문 오류: ')'
c:\users\sin woo-chel\source\repos\sin_library\sin_library\iocp.cpp(335): error C2143: 구문 오류: ';'이(가) '{' 앞에 없습니다.
c:\users\sin woo-chel\source\repos\sin_library\sin_library\iocp.cpp(339): error C2181: if와 짝을 이루지 않는 잘못된 else문입니다.
